New log file opened at Fri Dec 30 12:27:00 EST 2016 by 6920@Anthony-PC
Taking next connection to: 50955
New client attempting to connect on port: 50956-50955
  Address = /192.168.0.3:50955
This client on port 50956 has uuid a39d3555-bd53-43a7-a491-9a66dea7e73b configName activator humanReadableName Activator protocolVersion 3 featureTags Vector()
Connected Clients: activator-a39d3555-bd53-43a7-a491-9a66dea7e73b
Taking next connection to: 50955
New client attempting to connect on port: 50962-50955
  Address = /192.168.0.3:50955
Handshake exception on socket: 50962
sbt.impl.ipc.HandshakeException: Unable to perform handshake
	at sbt.impl.ipc.Peer.handshake(IPC.scala:46)
	at sbt.impl.ipc.MultiClientServer.<init>(IPC.scala:150)
	at sbt.server.SbtServerSocketHandler$$anon$1.run(SbtServerSocketHandler.scala:43)
Caused by: java.io.EOFException
	at java.io.DataInputStream.readInt(Unknown Source)
	at sbt.impl.ipc.Peer.receive(IPC.scala:95)
	at sbt.impl.ipc.Peer.handshake(IPC.scala:49)
	... 2 more
Taking next connection to: 50955
New client attempting to connect on port: 50963-50955
  Address = /192.168.0.3:50955
This client on port 50963 has uuid 63be802b-0090-4c5d-b808-30740d1a22ea configName play-fork-run humanReadableName Play Fork Run protocolVersion 1 featureTags Vector()
Connected Clients: activator-a39d3555-bd53-43a7-a491-9a66dea7e73b, play-fork-run-63be802b-0090-4c5d-b808-30740d1a22ea
Taking next connection to: 50955
New client attempting to connect on port: 50993-50955
  Address = /192.168.0.3:50955
Handshake exception on socket: 50993
sbt.impl.ipc.HandshakeException: Unable to perform handshake
	at sbt.impl.ipc.Peer.handshake(IPC.scala:46)
	at sbt.impl.ipc.MultiClientServer.<init>(IPC.scala:150)
	at sbt.server.SbtServerSocketHandler$$anon$1.run(SbtServerSocketHandler.scala:43)
Caused by: java.net.SocketException: Connection reset
	at java.net.SocketInputStream.read(Unknown Source)
	at java.net.SocketInputStream.read(Unknown Source)
	at java.io.BufferedInputStream.fill(Unknown Source)
	at java.io.BufferedInputStream.read(Unknown Source)
	at java.io.DataInputStream.readInt(Unknown Source)
	at sbt.impl.ipc.Peer.receive(IPC.scala:95)
	at sbt.impl.ipc.Peer.handshake(IPC.scala:49)
	... 2 more
Taking next connection to: 50955
New client attempting to connect on port: 50994-50955
  Address = /192.168.0.3:50955
This client on port 50994 has uuid 4e46677a-3f5f-4c35-ac92-57cae31087f8 configName play-fork-run humanReadableName Play Fork Run protocolVersion 1 featureTags Vector()
Connected Clients: activator-a39d3555-bd53-43a7-a491-9a66dea7e73b, play-fork-run-4e46677a-3f5f-4c35-ac92-57cae31087f8
Taking next connection to: 50955
New client attempting to connect on port: 51023-50955
  Address = /192.168.0.3:50955
Handshake exception on socket: 51023
sbt.impl.ipc.HandshakeException: Unable to perform handshake
	at sbt.impl.ipc.Peer.handshake(IPC.scala:46)
	at sbt.impl.ipc.MultiClientServer.<init>(IPC.scala:150)
	at sbt.server.SbtServerSocketHandler$$anon$1.run(SbtServerSocketHandler.scala:43)
Caused by: java.io.EOFException
	at java.io.DataInputStream.readInt(Unknown Source)
	at sbt.impl.ipc.Peer.receive(IPC.scala:95)
	at sbt.impl.ipc.Peer.handshake(IPC.scala:49)
	... 2 more
Taking next connection to: 50955
New client attempting to connect on port: 51024-50955
  Address = /192.168.0.3:50955
This client on port 51024 has uuid fc9d8078-527e-4e3b-b513-479d19b047cb configName play-fork-run humanReadableName Play Fork Run protocolVersion 1 featureTags Vector()
Connected Clients: activator-a39d3555-bd53-43a7-a491-9a66dea7e73b, play-fork-run-fc9d8078-527e-4e3b-b513-479d19b047cb
Taking next connection to: 50955
New client attempting to connect on port: 51052-50955
  Address = /192.168.0.3:50955
Handshake exception on socket: 51052
sbt.impl.ipc.HandshakeException: Unable to perform handshake
	at sbt.impl.ipc.Peer.handshake(IPC.scala:46)
	at sbt.impl.ipc.MultiClientServer.<init>(IPC.scala:150)
	at sbt.server.SbtServerSocketHandler$$anon$1.run(SbtServerSocketHandler.scala:43)
Caused by: java.net.SocketException: Connection reset
	at java.net.SocketInputStream.read(Unknown Source)
	at java.net.SocketInputStream.read(Unknown Source)
	at java.io.BufferedInputStream.fill(Unknown Source)
	at java.io.BufferedInputStream.read(Unknown Source)
	at java.io.DataInputStream.readInt(Unknown Source)
	at sbt.impl.ipc.Peer.receive(IPC.scala:95)
	at sbt.impl.ipc.Peer.handshake(IPC.scala:49)
	... 2 more
Taking next connection to: 50955
New client attempting to connect on port: 51053-50955
  Address = /192.168.0.3:50955
This client on port 51053 has uuid 663baaae-69ad-4df6-977f-fdea27c70a4c configName play-fork-run humanReadableName Play Fork Run protocolVersion 1 featureTags Vector()
Connected Clients: activator-a39d3555-bd53-43a7-a491-9a66dea7e73b, play-fork-run-663baaae-69ad-4df6-977f-fdea27c70a4c
Taking next connection to: 50955
New client attempting to connect on port: 51082-50955
  Address = /192.168.0.3:50955
Handshake exception on socket: 51082
sbt.impl.ipc.HandshakeException: Unable to perform handshake
	at sbt.impl.ipc.Peer.handshake(IPC.scala:46)
	at sbt.impl.ipc.MultiClientServer.<init>(IPC.scala:150)
	at sbt.server.SbtServerSocketHandler$$anon$1.run(SbtServerSocketHandler.scala:43)
Caused by: java.net.SocketException: Connection reset
	at java.net.SocketInputStream.read(Unknown Source)
	at java.net.SocketInputStream.read(Unknown Source)
	at java.io.BufferedInputStream.fill(Unknown Source)
	at java.io.BufferedInputStream.read(Unknown Source)
	at java.io.DataInputStream.readInt(Unknown Source)
	at sbt.impl.ipc.Peer.receive(IPC.scala:95)
	at sbt.impl.ipc.Peer.handshake(IPC.scala:49)
	... 2 more
Taking next connection to: 50955
New client attempting to connect on port: 51083-50955
  Address = /192.168.0.3:50955
This client on port 51083 has uuid f9eb34ea-5769-4185-b019-516c8a767953 configName play-fork-run humanReadableName Play Fork Run protocolVersion 1 featureTags Vector()
Connected Clients: activator-a39d3555-bd53-43a7-a491-9a66dea7e73b, play-fork-run-f9eb34ea-5769-4185-b019-516c8a767953
Taking next connection to: 50955
New client attempting to connect on port: 51113-50955
  Address = /192.168.0.3:50955
Handshake exception on socket: 51113
sbt.impl.ipc.HandshakeException: Unable to perform handshake
	at sbt.impl.ipc.Peer.handshake(IPC.scala:46)
	at sbt.impl.ipc.MultiClientServer.<init>(IPC.scala:150)
	at sbt.server.SbtServerSocketHandler$$anon$1.run(SbtServerSocketHandler.scala:43)
Caused by: java.net.SocketException: Connection reset
	at java.net.SocketInputStream.read(Unknown Source)
	at java.net.SocketInputStream.read(Unknown Source)
	at java.io.BufferedInputStream.fill(Unknown Source)
	at java.io.BufferedInputStream.read(Unknown Source)
	at java.io.DataInputStream.readInt(Unknown Source)
	at sbt.impl.ipc.Peer.receive(IPC.scala:95)
	at sbt.impl.ipc.Peer.handshake(IPC.scala:49)
	... 2 more
Taking next connection to: 50955
New client attempting to connect on port: 51114-50955
  Address = /192.168.0.3:50955
This client on port 51114 has uuid ed4c942e-5006-46f3-8092-1f6db961b7b2 configName play-fork-run humanReadableName Play Fork Run protocolVersion 1 featureTags Vector()
Connected Clients: activator-a39d3555-bd53-43a7-a491-9a66dea7e73b, play-fork-run-ed4c942e-5006-46f3-8092-1f6db961b7b2
Taking next connection to: 50955
New client attempting to connect on port: 51146-50955
  Address = /192.168.0.3:50955
Handshake exception on socket: 51146
sbt.impl.ipc.HandshakeException: Unable to perform handshake
	at sbt.impl.ipc.Peer.handshake(IPC.scala:46)
	at sbt.impl.ipc.MultiClientServer.<init>(IPC.scala:150)
	at sbt.server.SbtServerSocketHandler$$anon$1.run(SbtServerSocketHandler.scala:43)
Caused by: java.io.EOFException
	at java.io.DataInputStream.readInt(Unknown Source)
	at sbt.impl.ipc.Peer.receive(IPC.scala:95)
	at sbt.impl.ipc.Peer.handshake(IPC.scala:49)
	... 2 more
Taking next connection to: 50955
New client attempting to connect on port: 51147-50955
  Address = /192.168.0.3:50955
This client on port 51147 has uuid 4a742180-756c-48c4-a250-25bb22c555d3 configName play-fork-run humanReadableName Play Fork Run protocolVersion 1 featureTags Vector()
Connected Clients: activator-a39d3555-bd53-43a7-a491-9a66dea7e73b, play-fork-run-4a742180-756c-48c4-a250-25bb22c555d3
Taking next connection to: 50955
Checking to see if clients are empty...
We have 1 non-daemon clients, continuing serving connections.
Taking next connection to: 50955
New client attempting to connect on port: 51184-50955
  Address = /192.168.0.3:50955
Handshake exception on socket: 51184
sbt.impl.ipc.HandshakeException: Unable to perform handshake
	at sbt.impl.ipc.Peer.handshake(IPC.scala:46)
	at sbt.impl.ipc.MultiClientServer.<init>(IPC.scala:150)
	at sbt.server.SbtServerSocketHandler$$anon$1.run(SbtServerSocketHandler.scala:43)
Caused by: java.io.EOFException
	at java.io.DataInputStream.readInt(Unknown Source)
	at sbt.impl.ipc.Peer.receive(IPC.scala:95)
	at sbt.impl.ipc.Peer.handshake(IPC.scala:49)
	... 2 more
Taking next connection to: 50955
New client attempting to connect on port: 51185-50955
  Address = /192.168.0.3:50955
This client on port 51185 has uuid 1b631a64-96f6-4e03-9c10-7f6b70d80f21 configName play-fork-run humanReadableName Play Fork Run protocolVersion 1 featureTags Vector()
Connected Clients: activator-a39d3555-bd53-43a7-a491-9a66dea7e73b, play-fork-run-1b631a64-96f6-4e03-9c10-7f6b70d80f21
Taking next connection to: 50955
Checking to see if clients are empty...
We have 1 non-daemon clients, continuing serving connections.
Taking next connection to: 50955
Checking to see if clients are empty...
We have 1 non-daemon clients, continuing serving connections.
Taking next connection to: 50955
Checking to see if clients are empty...
We have 1 non-daemon clients, continuing serving connections.
Taking next connection to: 50955
New client attempting to connect on port: 51260-50955
  Address = /192.168.0.3:50955
Handshake exception on socket: 51260
sbt.impl.ipc.HandshakeException: Unable to perform handshake
	at sbt.impl.ipc.Peer.handshake(IPC.scala:46)
	at sbt.impl.ipc.MultiClientServer.<init>(IPC.scala:150)
	at sbt.server.SbtServerSocketHandler$$anon$1.run(SbtServerSocketHandler.scala:43)
Caused by: java.io.EOFException
	at java.io.DataInputStream.readInt(Unknown Source)
	at sbt.impl.ipc.Peer.receive(IPC.scala:95)
	at sbt.impl.ipc.Peer.handshake(IPC.scala:49)
	... 2 more
Taking next connection to: 50955
New client attempting to connect on port: 51261-50955
  Address = /192.168.0.3:50955
This client on port 51261 has uuid 10f2bbb8-afbd-4c77-af2d-fd9f1fdc3399 configName play-fork-run humanReadableName Play Fork Run protocolVersion 1 featureTags Vector()
Connected Clients: activator-a39d3555-bd53-43a7-a491-9a66dea7e73b, play-fork-run-10f2bbb8-afbd-4c77-af2d-fd9f1fdc3399
Taking next connection to: 50955
Checking to see if clients are empty...
We have 1 non-daemon clients, continuing serving connections.
Taking next connection to: 50955
New client attempting to connect on port: 51314-50955
  Address = /192.168.0.3:50955
Handshake exception on socket: 51314
sbt.impl.ipc.HandshakeException: Unable to perform handshake
	at sbt.impl.ipc.Peer.handshake(IPC.scala:46)
	at sbt.impl.ipc.MultiClientServer.<init>(IPC.scala:150)
	at sbt.server.SbtServerSocketHandler$$anon$1.run(SbtServerSocketHandler.scala:43)
Caused by: java.io.EOFException
	at java.io.DataInputStream.readInt(Unknown Source)
	at sbt.impl.ipc.Peer.receive(IPC.scala:95)
	at sbt.impl.ipc.Peer.handshake(IPC.scala:49)
	... 2 more
Taking next connection to: 50955
New client attempting to connect on port: 51315-50955
  Address = /192.168.0.3:50955
This client on port 51315 has uuid 10a852f6-483c-442f-9a26-de0180449fb8 configName play-fork-run humanReadableName Play Fork Run protocolVersion 1 featureTags Vector()
Connected Clients: activator-a39d3555-bd53-43a7-a491-9a66dea7e73b, play-fork-run-10a852f6-483c-442f-9a26-de0180449fb8
Taking next connection to: 50955
Checking to see if clients are empty...
We have 1 non-daemon clients, continuing serving connections.
Taking next connection to: 50955
